<?xml version="1.0" encoding="UTF-8"?>
<!-- Generated by org.testng.reporters.JUnitXMLReporter -->
<testsuite hostname="Jolomis-MacBook-Pro.local" ignored="0" name="Free CRM App Test Cases" tests="14" failures="0" timestamp="13 May 2019 12:11:28 GMT" time="189.5" errors="0">
  <testcase name="landingPageTitleTest" time="0.016" classname="com.crm.qa.testcases.LandingPageTest"/>
  <testcase name="verifyHomePageTitle" time="0.006" classname="com.crm.qa.testcases.HomePageTest"/>
  <testcase name="verifyContactsPageLabel" time="0.029" classname="com.crm.qa.testcases.ContactsPageTest"/>
  <testcase name="crmLogoTest" time="0.031" classname="com.crm.qa.testcases.LandingPageTest"/>
  <testcase name="verifyCorrectUsername" time="0.119" classname="com.crm.qa.testcases.HomePageTest"/>
  <testcase name="selectSingleContactsTest" time="0.116" classname="com.crm.qa.testcases.ContactsPageTest"/>
  <testcase name="loginTest" time="8.246" classname="com.crm.qa.testcases.LandingPageTest"/>
  <testcase name="verifyContactLinkTest" time="0.823" classname="com.crm.qa.testcases.HomePageTest"/>
  <testcase name="selectMultipleContactsTest" time="0.181" classname="com.crm.qa.testcases.ContactsPageTest"/>
  <testcase name="validateCreateNewContact" time="3.353" classname="com.crm.qa.testcases.ContactsPageTest"/>
  <testcase name="validateCreateNewContact" time="3.233" classname="com.crm.qa.testcases.ContactsPageTest"/>
  <testcase name="validateCreateNewContact" time="3.128" classname="com.crm.qa.testcases.ContactsPageTest"/>
  <testcase name="validateCreateNewContact" time="3.08" classname="com.crm.qa.testcases.ContactsPageTest"/>
  <testcase name="validateCreateNewContact" time="3.083" classname="com.crm.qa.testcases.ContactsPageTest"/>
</testsuite> <!-- Free CRM App Test Cases -->
