<?xml version="1.0" encoding="UTF-8"?>
<!-- Generated by org.testng.reporters.JUnitXMLReporter -->
<testsuite hostname="Jolomis-MacBook-Pro.local" ignored="0" name="Command line test" tests="4" failures="0" timestamp="09 May 2019 16:23:56 GMT" time="50.371" errors="0">
  <testcase name="landingPageTitleTest" time="0.009" classname="com.crm.qa.testcases.LandingPageTest"/>
  <testcase name="verifyContactsPageLabel" time="0.028" classname="com.crm.qa.testcases.ContactsPageTest"/>
  <testcase name="verifyHomePageTitle" time="0.005" classname="com.crm.qa.testcases.HomePageTest"/>
  <testcase name="crmLogoTest" time="0.028" classname="com.crm.qa.testcases.LandingPageTest"/>
</testsuite> <!-- Command line test -->
