<?xml version="1.0" encoding="UTF-8" ?>
<testsuite tests="4" failures="0" name="TestSuite" time="0.073" errors="0" skipped="0">
  <properties>
[...]
</properties>
  <testcase classname="com.crm.qa.testcases.LandingPageTest" name="landingPageTitleTest" time="0.012"/>
  <testcase classname="com.crm.qa.testcases.ContactsPageTest" name="verifyContactsPageLabel" time="0.028"/>
  <testcase classname="com.crm.qa.testcases.HomePageTest" name="verifyHomePageTitle" time="0.005"/>
  <testcase classname="com.crm.qa.testcases.LandingPageTest" name="crmLogoTest" time="0.028"/>
</testsuite>