<?xml version="1.0" encoding="UTF-8"?>
<testng-results skipped="0" failed="0" ignored="0" total="4" passed="4">
  <reporter-output>
  </reporter-output>
  <suite name="Command line suite" duration-ms="50371" started-at="2019-05-09T16:23:05Z" finished-at="2019-05-09T16:23:56Z">
    <groups>
    </groups>
    <test name="Command line test" duration-ms="50371" started-at="2019-05-09T16:23:05Z" finished-at="2019-05-09T16:23:56Z">
      <class name="com.crm.qa.testcases.HomePageTest">
        <test-method status="PASS" signature="setUp()[pri:0, instance:com.crm.qa.testcases.HomePageTest@50f8360d]" name="setUp" is-config="true" duration-ms="17804" started-at="2019-05-09T16:23:32Z" finished-at="2019-05-09T16:23:50Z">
          <reporter-output>
          </reporter-output>
        </test-method> <!-- setUp -->
        <test-method status="PASS" signature="verifyHomePageTitle()[pri:1, instance:com.crm.qa.testcases.HomePageTest@50f8360d]" name="verifyHomePageTitle" duration-ms="5" started-at="2019-05-09T16:23:50Z" finished-at="2019-05-09T16:23:50Z">
          <reporter-output>
          </reporter-output>
        </test-method> <!-- verifyHomePageTitle -->
        <test-method status="PASS" signature="tearDown()[pri:0, instance:com.crm.qa.testcases.HomePageTest@50f8360d]" name="tearDown" is-config="true" duration-ms="109" started-at="2019-05-09T16:23:50Z" finished-at="2019-05-09T16:23:50Z">
          <reporter-output>
          </reporter-output>
        </test-method> <!-- tearDown -->
      </class> <!-- com.crm.qa.testcases.HomePageTest -->
      <class name="com.crm.qa.testcases.ContactsPageTest">
        <test-method status="PASS" signature="setUp()[pri:0, instance:com.crm.qa.testcases.ContactsPageTest@61dc03ce]" name="setUp" is-config="true" duration-ms="19159" started-at="2019-05-09T16:23:13Z" finished-at="2019-05-09T16:23:32Z">
          <reporter-output>
          </reporter-output>
        </test-method> <!-- setUp -->
        <test-method status="PASS" signature="verifyContactsPageLabel()[pri:1, instance:com.crm.qa.testcases.ContactsPageTest@61dc03ce]" name="verifyContactsPageLabel" duration-ms="28" started-at="2019-05-09T16:23:32Z" finished-at="2019-05-09T16:23:32Z">
          <reporter-output>
          </reporter-output>
        </test-method> <!-- verifyContactsPageLabel -->
        <test-method status="PASS" signature="tearDown()[pri:0, instance:com.crm.qa.testcases.ContactsPageTest@61dc03ce]" name="tearDown" is-config="true" duration-ms="117" started-at="2019-05-09T16:23:32Z" finished-at="2019-05-09T16:23:32Z">
          <reporter-output>
          </reporter-output>
        </test-method> <!-- tearDown -->
      </class> <!-- com.crm.qa.testcases.ContactsPageTest -->
      <class name="com.crm.qa.testcases.LandingPageTest">
        <test-method status="PASS" signature="setUp()[pri:0, instance:com.crm.qa.testcases.LandingPageTest@737996a0]" name="setUp" is-config="true" duration-ms="7040" started-at="2019-05-09T16:23:05Z" finished-at="2019-05-09T16:23:12Z">
          <reporter-output>
          </reporter-output>
        </test-method> <!-- setUp -->
        <test-method status="PASS" signature="landingPageTitleTest()[pri:1, instance:com.crm.qa.testcases.LandingPageTest@737996a0]" name="landingPageTitleTest" duration-ms="9" started-at="2019-05-09T16:23:12Z" finished-at="2019-05-09T16:23:12Z">
          <reporter-output>
          </reporter-output>
        </test-method> <!-- landingPageTitleTest -->
        <test-method status="PASS" signature="tearDown()[pri:0, instance:com.crm.qa.testcases.LandingPageTest@737996a0]" name="tearDown" is-config="true" duration-ms="106" started-at="2019-05-09T16:23:12Z" finished-at="2019-05-09T16:23:13Z">
          <reporter-output>
          </reporter-output>
        </test-method> <!-- tearDown -->
        <test-method status="PASS" signature="setUp()[pri:0, instance:com.crm.qa.testcases.LandingPageTest@737996a0]" name="setUp" is-config="true" duration-ms="5850" started-at="2019-05-09T16:23:50Z" finished-at="2019-05-09T16:23:56Z">
          <reporter-output>
          </reporter-output>
        </test-method> <!-- setUp -->
        <test-method status="PASS" signature="crmLogoTest()[pri:2, instance:com.crm.qa.testcases.LandingPageTest@737996a0]" name="crmLogoTest" duration-ms="28" started-at="2019-05-09T16:23:56Z" finished-at="2019-05-09T16:23:56Z">
          <reporter-output>
          </reporter-output>
        </test-method> <!-- crmLogoTest -->
        <test-method status="PASS" signature="tearDown()[pri:0, instance:com.crm.qa.testcases.LandingPageTest@737996a0]" name="tearDown" is-config="true" duration-ms="93" started-at="2019-05-09T16:23:56Z" finished-at="2019-05-09T16:23:56Z">
          <reporter-output>
          </reporter-output>
        </test-method> <!-- tearDown -->
      </class> <!-- com.crm.qa.testcases.LandingPageTest -->
    </test> <!-- Command line test -->
  </suite> <!-- Command line suite -->
</testng-results>
